0 info it worked if it ends with ok
1 verbose cli [ '/home/ubuntu/.nvm/versions/node/v6.0.0/bin/node',
1 verbose cli   '/home/ubuntu/.nvm/versions/node/v6.0.0/bin/npm',
1 verbose cli   'run',
1 verbose cli   'test' ]
2 info using npm@3.8.6
3 info using node@v6.0.0
4 verbose run-script [ 'pretest', 'test', 'posttest' ]
5 info lifecycle trabalho@1.0.0~pretest: trabalho@1.0.0
6 silly lifecycle trabalho@1.0.0~pretest: no script for pretest, continuing
7 info lifecycle trabalho@1.0.0~test: trabalho@1.0.0
8 verbose lifecycle trabalho@1.0.0~test: unsafe-perm in lifecycle true
9 verbose lifecycle trabalho@1.0.0~test: PATH: /home/ubuntu/.nvm/versions/node/v6.0.0/lib/node_modules/npm/bin/node-gyp-bin:/home/ubuntu/javascript/trabalho/node_modules/.bin:/home/ubuntu/.nvm/versions/node/v6.0.0/bin:/home/ubuntu/.nvm/versions/node/v6.0.0/bin:/usr/local/sbin:/usr/local/bin:/usr/sbin:/usr/bin:/sbin:/bin:/usr/games:/usr/local/games
10 verbose lifecycle trabalho@1.0.0~test: CWD: /home/ubuntu/javascript/trabalho
11 silly lifecycle trabalho@1.0.0~test: Args: [ '-c', 'lab -v' ]
12 silly lifecycle trabalho@1.0.0~test: Returned: code: 1  signal: null
13 info lifecycle trabalho@1.0.0~test: Failed to exec test script
14 verbose stack Error: trabalho@1.0.0 test: `lab -v`
14 verbose stack Exit status 1
14 verbose stack     at EventEmitter.<anonymous> (/home/ubuntu/.nvm/versions/node/v6.0.0/lib/node_modules/npm/lib/utils/lifecycle.js:239:16)
14 verbose stack     at emitTwo (events.js:106:13)
14 verbose stack     at EventEmitter.emit (events.js:191:7)
14 verbose stack     at ChildProcess.<anonymous> (/home/ubuntu/.nvm/versions/node/v6.0.0/lib/node_modules/npm/lib/utils/spawn.js:24:14)
14 verbose stack     at emitTwo (events.js:106:13)
14 verbose stack     at ChildProcess.emit (events.js:191:7)
14 verbose stack     at maybeClose (internal/child_process.js:850:16)
14 verbose stack     at Process.ChildProcess._handle.onexit (internal/child_process.js:215:5)
15 verbose pkgid trabalho@1.0.0
16 verbose cwd /home/ubuntu/javascript/trabalho
17 error Linux 4.2.0-34-generic
18 error argv "/home/ubuntu/.nvm/versions/node/v6.0.0/bin/node" "/home/ubuntu/.nvm/versions/node/v6.0.0/bin/npm" "run" "test"
19 error node v6.0.0
20 error npm  v3.8.6
21 error code ELIFECYCLE
22 error trabalho@1.0.0 test: `lab -v`
22 error Exit status 1
23 error Failed at the trabalho@1.0.0 test script 'lab -v'.
23 error Make sure you have the latest version of node.js and npm installed.
23 error If you do, this is most likely a problem with the trabalho package,
23 error not with npm itself.
23 error Tell the author that this fails on your system:
23 error     lab -v
23 error You can get information on how to open an issue for this project with:
23 error     npm bugs trabalho
23 error Or if that isn't available, you can get their info via:
23 error     npm owner ls trabalho
23 error There is likely additional logging output above.
24 verbose exit [ 1, true ]
